c:\users\chaza\desktop\gkiw_145338_135750\grafika\debug\vc142.pdb
c:\users\chaza\desktop\gkiw_145338_135750\grafika\debug\vc142.idb
c:\users\chaza\desktop\gkiw_145338_135750\grafika\debug\torus.obj
c:\users\chaza\desktop\gkiw_145338_135750\grafika\debug\teapot.obj
c:\users\chaza\desktop\gkiw_145338_135750\grafika\debug\sphere.obj
c:\users\chaza\desktop\gkiw_145338_135750\grafika\debug\shaderprogram.obj
c:\users\chaza\desktop\gkiw_145338_135750\grafika\debug\model.obj
c:\users\chaza\desktop\gkiw_145338_135750\grafika\debug\main_file.obj
c:\users\chaza\desktop\gkiw_145338_135750\grafika\debug\lodepng.obj
c:\users\chaza\desktop\gkiw_145338_135750\grafika\debug\cube.obj
c:\users\chaza\desktop\gkiw_145338_135750\grafika\debug\pl_szkielet_03_win.exe
c:\users\chaza\desktop\gkiw_145338_135750\grafika\debug\pl_szkielet_03_win.ilk
c:\users\chaza\desktop\gkiw_145338_135750\grafika\debug\pl_szkielet_03_win.pdb
c:\users\chaza\desktop\gkiw_145338_135750\grafika\debug\pl_szkie.7288c82c.tlog\cl.command.1.tlog
c:\users\chaza\desktop\gkiw_145338_135750\grafika\debug\pl_szkie.7288c82c.tlog\cl.read.1.tlog
c:\users\chaza\desktop\gkiw_145338_135750\grafika\debug\pl_szkie.7288c82c.tlog\cl.write.1.tlog
c:\users\chaza\desktop\gkiw_145338_135750\grafika\debug\pl_szkie.7288c82c.tlog\link.command.1.tlog
c:\users\chaza\desktop\gkiw_145338_135750\grafika\debug\pl_szkie.7288c82c.tlog\link.delete.1.tlog
c:\users\chaza\desktop\gkiw_145338_135750\grafika\debug\pl_szkie.7288c82c.tlog\link.read.1.tlog
c:\users\chaza\desktop\gkiw_145338_135750\grafika\debug\pl_szkie.7288c82c.tlog\link.write.1.tlog
